2013-11-26 20:31:22.543 Auth0Sample[24314:80b] Multi-tasking -> Device: YES, App: YES
2013-11-26 20:31:23.566 Auth0Sample[24314:80b] Resetting plugins due to page load.
2013-11-26 20:31:23.735 Auth0Sample[24314:4003] ERROR whitelist rejection: url='https://d19p4zemcycm7a.cloudfront.net/w2/auth0-1.2.0.min.js'
2013-11-26 20:31:23.736 Auth0Sample[24314:4003] ERROR whitelist rejection: url='https://d19p4zemcycm7a.cloudfront.net/w2/auth0-1.2.0.min.js'
2013-11-26 20:31:23.739 Auth0Sample[24314:4003] ERROR whitelist rejection: url='https://d19p4zemcycm7a.cloudfront.net/w2/auth0-1.2.0.min.js'
2013-11-26 20:31:24.044 Auth0Sample[24314:80b] DEPRECATION NOTICE: The Connection ReachableViaWWAN return value of '2g' is deprecated as of Cordova version 2.6.0 and will be changed to 'cellular' in a future release. 
2013-11-26 20:31:24.068 Auth0Sample[24314:80b] Finished load of: file:///Users/sebas/Library/Application%20Support/iPhone%20Simulator/7.0.3/Applications/03066CCF-0DBB-43D2-9EF8-29C78EEB9114/Auth0Sample.app/www/index.html
2013-11-26 20:33:35.741 Auth0Sample[24702:80b] Multi-tasking -> Device: YES, App: YES
2013-11-26 20:33:36.053 Auth0Sample[24702:80b] Resetting plugins due to page load.
2013-11-26 20:33:36.100 Auth0Sample[24702:4003] ERROR whitelist rejection: url='https://d19p4zemcycm7a.cloudfront.net/w2/auth0-1.2.0.min.js'
2013-11-26 20:33:36.101 Auth0Sample[24702:4003] ERROR whitelist rejection: url='https://d19p4zemcycm7a.cloudfront.net/w2/auth0-1.2.0.min.js'
2013-11-26 20:33:36.102 Auth0Sample[24702:4003] ERROR whitelist rejection: url='https://d19p4zemcycm7a.cloudfront.net/w2/auth0-1.2.0.min.js'
2013-11-26 20:33:36.201 Auth0Sample[24702:80b] Finished load of: file:///Users/sebas/Library/Application%20Support/iPhone%20Simulator/7.0.3/Applications/03066CCF-0DBB-43D2-9EF8-29C78EEB9114/Auth0Sample.app/www/index.html
2013-11-26 20:33:36.229 Auth0Sample[24702:80b] DEPRECATION NOTICE: The Connection ReachableViaWWAN return value of '2g' is deprecated as of Cordova version 2.6.0 and will be changed to 'cellular' in a future release. 
2013-11-26 20:38:46.030 Auth0Sample[25099:80b] Multi-tasking -> Device: YES, App: YES
2013-11-26 20:38:47.029 Auth0Sample[25099:80b] Resetting plugins due to page load.
2013-11-26 20:38:47.111 Auth0Sample[25099:3f03] ERROR whitelist rejection: url='https://d19p4zemcycm7a.cloudfront.net/w2/auth0-1.2.0.min.js'
2013-11-26 20:38:47.112 Auth0Sample[25099:3f03] ERROR whitelist rejection: url='https://d19p4zemcycm7a.cloudfront.net/w2/auth0-1.2.0.min.js'
2013-11-26 20:38:47.115 Auth0Sample[25099:3f03] ERROR whitelist rejection: url='https://d19p4zemcycm7a.cloudfront.net/w2/auth0-1.2.0.min.js'
2013-11-26 20:38:47.563 Auth0Sample[25099:80b] Finished load of: file:///Users/sebas/Library/Application%20Support/iPhone%20Simulator/7.0.3/Applications/03066CCF-0DBB-43D2-9EF8-29C78EEB9114/Auth0Sample.app/www/index.html
2013-11-26 20:38:47.656 Auth0Sample[25099:80b] DEPRECATION NOTICE: The Connection ReachableViaWWAN return value of '2g' is deprecated as of Cordova version 2.6.0 and will be changed to 'cellular' in a future release. 
Terminating in response to SpringBoard's termination.
2013-11-26 20:44:09.396 Auth0Sample[25543:80b] Multi-tasking -> Device: YES, App: YES
2013-11-26 20:44:09.673 Auth0Sample[25543:80b] Resetting plugins due to page load.
2013-11-26 20:44:09.708 Auth0Sample[25543:4003] ERROR whitelist rejection: url='https://d19p4zemcycm7a.cloudfront.net/w2/auth0-1.2.0.min.js'
2013-11-26 20:44:09.709 Auth0Sample[25543:4003] ERROR whitelist rejection: url='https://d19p4zemcycm7a.cloudfront.net/w2/auth0-1.2.0.min.js'
2013-11-26 20:44:09.710 Auth0Sample[25543:4003] ERROR whitelist rejection: url='https://d19p4zemcycm7a.cloudfront.net/w2/auth0-1.2.0.min.js'
2013-11-26 20:44:09.799 Auth0Sample[25543:80b] Finished load of: file:///Users/sebas/Library/Application%20Support/iPhone%20Simulator/7.0.3/Applications/03066CCF-0DBB-43D2-9EF8-29C78EEB9114/Auth0Sample.app/www/index.html
2013-11-26 20:44:09.852 Auth0Sample[25543:80b] DEPRECATION NOTICE: The Connection ReachableViaWWAN return value of '2g' is deprecated as of Cordova version 2.6.0 and will be changed to 'cellular' in a future release. 
2013-11-26 20:45:01.080 Auth0Sample[25914:80b] Multi-tasking -> Device: YES, App: YES
2013-11-26 20:45:01.369 Auth0Sample[25914:80b] Resetting plugins due to page load.
2013-11-26 20:45:01.404 Auth0Sample[25914:3f03] ERROR whitelist rejection: url='https://d19p4zemcycm7a.cloudfront.net/w2/auth0-1.2.0.min.js'
2013-11-26 20:45:01.405 Auth0Sample[25914:3f03] ERROR whitelist rejection: url='https://d19p4zemcycm7a.cloudfront.net/w2/auth0-1.2.0.min.js'
2013-11-26 20:45:01.406 Auth0Sample[25914:3f03] ERROR whitelist rejection: url='https://d19p4zemcycm7a.cloudfront.net/w2/auth0-1.2.0.min.js'
2013-11-26 20:45:01.468 Auth0Sample[25914:80b] Finished load of: file:///Users/sebas/Library/Application%20Support/iPhone%20Simulator/7.0.3/Applications/03066CCF-0DBB-43D2-9EF8-29C78EEB9114/Auth0Sample.app/www/index.html
2013-11-26 20:45:01.486 Auth0Sample[25914:80b] DEPRECATION NOTICE: The Connection ReachableViaWWAN return value of '2g' is deprecated as of Cordova version 2.6.0 and will be changed to 'cellular' in a future release. 
2013-11-26 20:45:51.198 Auth0Sample[26287:80b] Multi-tasking -> Device: YES, App: YES
2013-11-26 20:45:51.479 Auth0Sample[26287:80b] Resetting plugins due to page load.
2013-11-26 20:45:51.510 Auth0Sample[26287:3f03] ERROR whitelist rejection: url='https://d19p4zemcycm7a.cloudfront.net/w2/auth0-1.2.0.min.js'
2013-11-26 20:45:51.511 Auth0Sample[26287:3f03] ERROR whitelist rejection: url='https://d19p4zemcycm7a.cloudfront.net/w2/auth0-1.2.0.min.js'
2013-11-26 20:45:51.512 Auth0Sample[26287:3f03] ERROR whitelist rejection: url='https://d19p4zemcycm7a.cloudfront.net/w2/auth0-1.2.0.min.js'
2013-11-26 20:45:51.584 Auth0Sample[26287:80b] Finished load of: file:///Users/sebas/Library/Application%20Support/iPhone%20Simulator/7.0.3/Applications/03066CCF-0DBB-43D2-9EF8-29C78EEB9114/Auth0Sample.app/www/index.html
2013-11-26 20:45:51.602 Auth0Sample[26287:80b] DEPRECATION NOTICE: The Connection ReachableViaWWAN return value of '2g' is deprecated as of Cordova version 2.6.0 and will be changed to 'cellular' in a future release. 
2013-11-26 20:46:25.803 Auth0Sample[26659:80b] Multi-tasking -> Device: YES, App: YES
2013-11-26 20:46:26.126 Auth0Sample[26659:80b] Resetting plugins due to page load.
2013-11-26 20:46:26.159 Auth0Sample[26659:3f03] ERROR whitelist rejection: url='https://d19p4zemcycm7a.cloudfront.net/w2/auth0-1.2.0.min.js'
2013-11-26 20:46:26.160 Auth0Sample[26659:3f03] ERROR whitelist rejection: url='https://d19p4zemcycm7a.cloudfront.net/w2/auth0-1.2.0.min.js'
2013-11-26 20:46:26.160 Auth0Sample[26659:3f03] ERROR whitelist rejection: url='https://d19p4zemcycm7a.cloudfront.net/w2/auth0-1.2.0.min.js'
2013-11-26 20:46:26.232 Auth0Sample[26659:80b] Finished load of: file:///Users/sebas/Library/Application%20Support/iPhone%20Simulator/7.0.3/Applications/03066CCF-0DBB-43D2-9EF8-29C78EEB9114/Auth0Sample.app/www/index.html
2013-11-26 20:46:26.259 Auth0Sample[26659:80b] DEPRECATION NOTICE: The Connection ReachableViaWWAN return value of '2g' is deprecated as of Cordova version 2.6.0 and will be changed to 'cellular' in a future release. 
2013-11-26 20:47:10.844 Auth0Sample[27033:80b] Multi-tasking -> Device: YES, App: YES
2013-11-26 20:47:11.050 Auth0Sample[27033:80b] Resetting plugins due to page load.
2013-11-26 20:47:11.084 Auth0Sample[27033:4003] ERROR whitelist rejection: url='https://d19p4zemcycm7a.cloudfront.net/w2/auth0-1.2.0.min.js'
2013-11-26 20:47:11.085 Auth0Sample[27033:4003] ERROR whitelist rejection: url='https://d19p4zemcycm7a.cloudfront.net/w2/auth0-1.2.0.min.js'
2013-11-26 20:47:11.086 Auth0Sample[27033:4003] ERROR whitelist rejection: url='https://d19p4zemcycm7a.cloudfront.net/w2/auth0-1.2.0.min.js'
2013-11-26 20:47:11.194 Auth0Sample[27033:80b] Finished load of: file:///Users/sebas/Library/Application%20Support/iPhone%20Simulator/7.0.3/Applications/03066CCF-0DBB-43D2-9EF8-29C78EEB9114/Auth0Sample.app/www/index.html
2013-11-26 20:47:11.264 Auth0Sample[27033:80b] DEPRECATION NOTICE: The Connection ReachableViaWWAN return value of '2g' is deprecated as of Cordova version 2.6.0 and will be changed to 'cellular' in a future release. 
2013-11-26 20:48:24.699 Auth0Sample[27413:80b] Multi-tasking -> Device: YES, App: YES
2013-11-26 20:48:24.991 Auth0Sample[27413:80b] Resetting plugins due to page load.
2013-11-26 20:48:25.109 Auth0Sample[27413:80b] Finished load of: file:///Users/sebas/Library/Application%20Support/iPhone%20Simulator/7.0.3/Applications/03066CCF-0DBB-43D2-9EF8-29C78EEB9114/Auth0Sample.app/www/index.html
2013-11-26 20:48:25.133 Auth0Sample[27413:80b] DEPRECATION NOTICE: The Connection ReachableViaWWAN return value of '2g' is deprecated as of Cordova version 2.6.0 and will be changed to 'cellular' in a future release. 
2013-11-26 20:49:16.126 Auth0Sample[27788:80b] Multi-tasking -> Device: YES, App: YES
2013-11-26 20:49:16.409 Auth0Sample[27788:80b] Resetting plugins due to page load.
2013-11-26 20:49:16.519 Auth0Sample[27788:80b] Finished load of: file:///Users/sebas/Library/Application%20Support/iPhone%20Simulator/7.0.3/Applications/03066CCF-0DBB-43D2-9EF8-29C78EEB9114/Auth0Sample.app/www/index.html
2013-11-26 20:49:16.541 Auth0Sample[27788:80b] DEPRECATION NOTICE: The Connection ReachableViaWWAN return value of '2g' is deprecated as of Cordova version 2.6.0 and will be changed to 'cellular' in a future release. 
2013-11-26 20:50:16.482 Auth0Sample[28169:80b] Multi-tasking -> Device: YES, App: YES
2013-11-26 20:50:16.763 Auth0Sample[28169:80b] Resetting plugins due to page load.
2013-11-26 20:50:16.870 Auth0Sample[28169:80b] Finished load of: file:///Users/sebas/Library/Application%20Support/iPhone%20Simulator/7.0.3/Applications/03066CCF-0DBB-43D2-9EF8-29C78EEB9114/Auth0Sample.app/www/index.html
2013-11-26 20:50:16.890 Auth0Sample[28169:80b] DEPRECATION NOTICE: The Connection ReachableViaWWAN return value of '2g' is deprecated as of Cordova version 2.6.0 and will be changed to 'cellular' in a future release. 
2013-11-26 20:50:51.669 Auth0Sample[28169:80b] ERROR whitelist rejection: url='https://contoso.auth0.com/authorize?scope=openid%20profile&response_type=code&connection=google-oauth2&client_id=KPmb7b0Pps5jwzBRTc3wJzR9zQeCfDr5&redirect_uri=https%3A%2F%2Fcontoso.auth0.com%2Fmobile'
2013-11-26 20:51:26.126 Auth0Sample[28548:80b] Multi-tasking -> Device: YES, App: YES
2013-11-26 20:51:26.409 Auth0Sample[28548:80b] Resetting plugins due to page load.
2013-11-26 20:51:26.510 Auth0Sample[28548:80b] Finished load of: file:///Users/sebas/Library/Application%20Support/iPhone%20Simulator/7.0.3/Applications/03066CCF-0DBB-43D2-9EF8-29C78EEB9114/Auth0Sample.app/www/index.html
2013-11-26 20:51:26.529 Auth0Sample[28548:80b] DEPRECATION NOTICE: The Connection ReachableViaWWAN return value of '2g' is deprecated as of Cordova version 2.6.0 and will be changed to 'cellular' in a future release. 
2013-11-26 20:51:34.970 Auth0Sample[28548:80b] ERROR whitelist rejection: url='https://contoso.auth0.com/authorize?scope=openid%20profile&response_type=code&connection=google-oauth2&client_id=KPmb7b0Pps5jwzBRTc3wJzR9zQeCfDr5&redirect_uri=https%3A%2F%2Fcontoso.auth0.com%2Fmobile'
2013-11-26 20:52:51.067 Auth0Sample[28938:80b] Multi-tasking -> Device: YES, App: YES
2013-11-26 20:52:51.318 Auth0Sample[28938:80b] Resetting plugins due to page load.
2013-11-26 20:52:51.431 Auth0Sample[28938:80b] Finished load of: file:///Users/sebas/Library/Application%20Support/iPhone%20Simulator/7.0.3/Applications/03066CCF-0DBB-43D2-9EF8-29C78EEB9114/Auth0Sample.app/www/index.html
2013-11-26 20:52:51.454 Auth0Sample[28938:80b] DEPRECATION NOTICE: The Connection ReachableViaWWAN return value of '2g' is deprecated as of Cordova version 2.6.0 and will be changed to 'cellular' in a future release. 
2013-11-26 20:52:54.854 Auth0Sample[28938:80b] ERROR whitelist rejection: url='https://contoso.auth0.com/authorize?scope=openid%20profile&response_type=code&connection=google-oauth2&client_id=KPmb7b0Pps5jwzBRTc3wJzR9zQeCfDr5&redirect_uri=https%3A%2F%2Fcontoso.auth0.com%2Fmobile'
2013-11-26 20:53:50.351 Auth0Sample[29316:80b] Multi-tasking -> Device: YES, App: YES
2013-11-26 20:53:50.630 Auth0Sample[29316:80b] Resetting plugins due to page load.
2013-11-26 20:53:50.727 Auth0Sample[29316:80b] Finished load of: file:///Users/sebas/Library/Application%20Support/iPhone%20Simulator/7.0.3/Applications/03066CCF-0DBB-43D2-9EF8-29C78EEB9114/Auth0Sample.app/www/index.html
2013-11-26 20:53:50.746 Auth0Sample[29316:80b] DEPRECATION NOTICE: The Connection ReachableViaWWAN return value of '2g' is deprecated as of Cordova version 2.6.0 and will be changed to 'cellular' in a future release. 
2013-11-26 20:57:19.709 Auth0Sample[29316:3f03] void SendDelegateMessage(NSInvocation *): delegate (webView:runJavaScriptAlertPanelWithMessage:initiatedByFrame:) failed to return after waiting 10 seconds. main run loop mode: kCFRunLoopDefaultMode
2013-11-26 20:57:19.718 Auth0Sample[29316:80b] ERROR whitelist rejection: url='https://contoso.auth0.com/authorize?scope=openid%20profile&response_type=code&client_id=KPmb7b0Pps5jwzBRTc3wJzR9zQeCfDr5&redirect_uri=https%3A%2F%2Fcontoso.auth0.com%2Fmobile'
2013-11-26 21:10:02.592 Auth0Sample[29805:80b] Multi-tasking -> Device: YES, App: YES
2013-11-26 21:10:02.878 Auth0Sample[29805:80b] Resetting plugins due to page load.
2013-11-26 21:10:02.971 Auth0Sample[29805:80b] Finished load of: file:///Users/sebas/Library/Application%20Support/iPhone%20Simulator/7.0.3/Applications/03066CCF-0DBB-43D2-9EF8-29C78EEB9114/Auth0Sample.app/www/index.html
2013-11-26 21:10:02.993 Auth0Sample[29805:80b] DEPRECATION NOTICE: The Connection ReachableViaWWAN return value of '2g' is deprecated as of Cordova version 2.6.0 and will be changed to 'cellular' in a future release. 
2013-11-26 21:12:34.233 Auth0Sample[30201:80b] Multi-tasking -> Device: YES, App: YES
2013-11-26 21:12:34.496 Auth0Sample[30201:80b] Resetting plugins due to page load.
2013-11-26 21:12:34.627 Auth0Sample[30201:80b] Finished load of: file:///Users/sebas/Library/Application%20Support/iPhone%20Simulator/7.0.3/Applications/03066CCF-0DBB-43D2-9EF8-29C78EEB9114/Auth0Sample.app/www/index.html
2013-11-26 21:12:34.647 Auth0Sample[30201:80b] DEPRECATION NOTICE: The Connection ReachableViaWWAN return value of '2g' is deprecated as of Cordova version 2.6.0 and will be changed to 'cellular' in a future release. 
2013-11-26 21:14:11.660 Auth0Sample[30585:80b] Multi-tasking -> Device: YES, App: YES
2013-11-26 21:14:11.912 Auth0Sample[30585:80b] Resetting plugins due to page load.
2013-11-26 21:14:12.000 Auth0Sample[30585:80b] Finished load of: file:///Users/sebas/Library/Application%20Support/iPhone%20Simulator/7.0.3/Applications/03066CCF-0DBB-43D2-9EF8-29C78EEB9114/Auth0Sample.app/www/index.html
2013-11-26 21:14:12.019 Auth0Sample[30585:80b] DEPRECATION NOTICE: The Connection ReachableViaWWAN return value of '2g' is deprecated as of Cordova version 2.6.0 and will be changed to 'cellular' in a future release. 
2013-11-26 21:15:50.067 Auth0Sample[30981:80b] Multi-tasking -> Device: YES, App: YES
2013-11-26 21:15:50.397 Auth0Sample[30981:80b] Resetting plugins due to page load.
2013-11-26 21:15:50.501 Auth0Sample[30981:80b] Finished load of: file:///Users/sebas/Library/Application%20Support/iPhone%20Simulator/7.0.3/Applications/03066CCF-0DBB-43D2-9EF8-29C78EEB9114/Auth0Sample.app/www/index.html
2013-11-26 21:15:50.527 Auth0Sample[30981:80b] DEPRECATION NOTICE: The Connection ReachableViaWWAN return value of '2g' is deprecated as of Cordova version 2.6.0 and will be changed to 'cellular' in a future release. 
2013-11-26 21:16:41.100 Auth0Sample[31359:80b] Multi-tasking -> Device: YES, App: YES
2013-11-26 21:16:41.381 Auth0Sample[31359:80b] Resetting plugins due to page load.
2013-11-26 21:16:41.524 Auth0Sample[31359:80b] Finished load of: file:///Users/sebas/Library/Application%20Support/iPhone%20Simulator/7.0.3/Applications/03066CCF-0DBB-43D2-9EF8-29C78EEB9114/Auth0Sample.app/www/index.html
2013-11-26 21:16:41.558 Auth0Sample[31359:80b] DEPRECATION NOTICE: The Connection ReachableViaWWAN return value of '2g' is deprecated as of Cordova version 2.6.0 and will be changed to 'cellular' in a future release. 
2013-11-26 21:25:38.951 Auth0Sample[31787:80b] Multi-tasking -> Device: YES, App: YES
2013-11-26 21:25:39.263 Auth0Sample[31787:80b] Resetting plugins due to page load.
2013-11-26 21:25:39.361 Auth0Sample[31787:80b] Finished load of: file:///Users/sebas/Library/Application%20Support/iPhone%20Simulator/7.0.3/Applications/03066CCF-0DBB-43D2-9EF8-29C78EEB9114/Auth0Sample.app/www/index.html
2013-11-26 21:25:39.412 Auth0Sample[31787:80b] DEPRECATION NOTICE: The Connection ReachableViaWWAN return value of '2g' is deprecated as of Cordova version 2.6.0 and will be changed to 'cellular' in a future release. 
2013-11-26 21:26:09.039 Auth0Sample[31787:4003] void SendDelegateMessage(NSInvocation *): delegate (webView:runJavaScriptAlertPanelWithMessage:initiatedByFrame:) failed to return after waiting 10 seconds. main run loop mode: kCFRunLoopDefaultMode
2013-11-26 21:28:12.986 Auth0Sample[32177:80b] Multi-tasking -> Device: YES, App: YES
2013-11-26 21:28:13.266 Auth0Sample[32177:80b] Resetting plugins due to page load.
2013-11-26 21:28:13.366 Auth0Sample[32177:80b] Finished load of: file:///Users/sebas/Library/Application%20Support/iPhone%20Simulator/7.0.3/Applications/03066CCF-0DBB-43D2-9EF8-29C78EEB9114/Auth0Sample.app/www/index.html
2013-11-26 21:28:13.386 Auth0Sample[32177:80b] DEPRECATION NOTICE: The Connection ReachableViaWWAN return value of '2g' is deprecated as of Cordova version 2.6.0 and will be changed to 'cellular' in a future release. 
2013-11-26 21:28:44.054 Auth0Sample[32177:80b] webView:didFailLoadWithError - The operation couldn’t be completed. (NSURLErrorDomain error -999.)
2013-11-26 21:28:44.568 Auth0Sample[32177:80b] CDVWebViewDelegate: Navigation started when state=1
2013-11-26 21:28:44.569 Auth0Sample[32177:80b] webView:didFailLoadWithError - CDVWebViewDelegate: Navigation started when state=1
2013-11-26 21:28:44.845 Auth0Sample[32177:80b] CDVWebViewDelegate: Navigation started when state=1
2013-11-26 21:28:44.845 Auth0Sample[32177:80b] webView:didFailLoadWithError - CDVWebViewDelegate: Navigation started when state=1
2013-11-26 21:28:45.130 Auth0Sample[32177:80b] CDVWebViewDelegate: Navigation started when state=1
2013-11-26 21:28:45.131 Auth0Sample[32177:80b] webView:didFailLoadWithError - CDVWebViewDelegate: Navigation started when state=1
2013-11-26 21:28:50.251 Auth0Sample[32177:80b] CDVWebViewDelegate: Navigation started when state=1
2013-11-26 21:28:50.252 Auth0Sample[32177:80b] webView:didFailLoadWithError - CDVWebViewDelegate: Navigation started when state=1
2013-11-26 21:28:50.572 Auth0Sample[32177:80b] CDVWebViewDelegate: Unexpected didFinish while waiting for load start.
2013-11-26 21:30:00.088 Auth0Sample[32569:80b] Multi-tasking -> Device: YES, App: YES
2013-11-26 21:30:00.380 Auth0Sample[32569:80b] Resetting plugins due to page load.
2013-11-26 21:30:00.516 Auth0Sample[32569:80b] Finished load of: file:///Users/sebas/Library/Application%20Support/iPhone%20Simulator/7.0.3/Applications/03066CCF-0DBB-43D2-9EF8-29C78EEB9114/Auth0Sample.app/www/index.html
2013-11-26 21:30:00.545 Auth0Sample[32569:80b] DEPRECATION NOTICE: The Connection ReachableViaWWAN return value of '2g' is deprecated as of Cordova version 2.6.0 and will be changed to 'cellular' in a future release. 
2013-11-26 21:33:24.325 Auth0Sample[32962:80b] Multi-tasking -> Device: YES, App: YES
2013-11-26 21:33:24.571 Auth0Sample[32962:80b] Resetting plugins due to page load.
2013-11-26 21:33:24.665 Auth0Sample[32962:80b] Finished load of: file:///Users/sebas/Library/Application%20Support/iPhone%20Simulator/7.0.3/Applications/03066CCF-0DBB-43D2-9EF8-29C78EEB9114/Auth0Sample.app/www/index.html
2013-11-26 21:33:24.700 Auth0Sample[32962:80b] DEPRECATION NOTICE: The Connection ReachableViaWWAN return value of '2g' is deprecated as of Cordova version 2.6.0 and will be changed to 'cellular' in a future release. 
2013-11-26 21:38:14.384 Auth0Sample[33374:80b] Multi-tasking -> Device: YES, App: YES
2013-11-26 21:38:14.647 Auth0Sample[33374:80b] Resetting plugins due to page load.
2013-11-26 21:38:14.821 Auth0Sample[33374:80b] Finished load of: file:///Users/sebas/Library/Application%20Support/iPhone%20Simulator/7.0.3/Applications/03066CCF-0DBB-43D2-9EF8-29C78EEB9114/Auth0Sample.app/www/index.html
2013-11-26 21:38:14.846 Auth0Sample[33374:80b] DEPRECATION NOTICE: The Connection ReachableViaWWAN return value of '2g' is deprecated as of Cordova version 2.6.0 and will be changed to 'cellular' in a future release. 
